🚀 Starting Prerender process...

🌐 Crawling 7 routes from http://localhost:4300...

  📄 Rendering /...
    🌐 Navigating to http://localhost:4300/...
    ⏳ Page loaded (DOMContent), waiting for .main-content selector...
    ✅ Selector .main-content found!
    ⏳ Waiting for network idle...
    ⚠️ Timeout waiting for network idle.
    ✨ Title detected: "Audit Title 1770942177053 | Qubits Digital"
  📄 Rendering /kontakt...
    🌐 Navigating to http://localhost:4300/kontakt...
    ⚠️ [Network Failed]: https://firestore.googleapis.com/google.firestore.v1.Firestore/Listen/channel?gsessionid=RDOLxOLc3O9LtgMthPJVPr-RCn5Theaow7rybY0fWVAycm-BSPPg2Q&VER=8&database=projects%2Ftest-angular-automation%2Fdatabases%2F(default)&RID=rpc&SID=ryHkctQAhuAU4B7C6QN2jA&AID=0&CI=0&TYPE=xmlhttp&zx=87l30lji78h&t=1 - net::ERR_ABORTED
    ⏳ Page loaded (DOMContent), waiting for .main-content selector...
    🖥️ [Browser Console] log: 📊 Firebase Analytics initialized.
    ✅ Selector .main-content found!
    ⏳ Waiting for network idle...
    ⚠️ [Network Failed]: https://region1.google-analytics.com/g/collect?v=2&tid=G-E1ZKBEDKBN&gtm=45je62b1v9240567346za200zd9240567346&_p=1770943127710&gcd=13l3l3l2l1l1&npa=1&dma_cps=syphamo&dma=1&_fid=ejNIs-wCpoU8hDkDq4ZY2y&cid=1652050554.1770943128&ul=de&sr=1280x720&uaa=x86&uab=64&uafvl=Not%253AA-Brand%3B99.0.0.0%7CHeadlessChrome%3B145.0.7632.6%7CChromium%3B145.0.7632.6&uamb=0&uam=&uap=Windows&uapv=19.0.0&uaw=0&are=1&frm=0&pscdl=noapi&_s=1&tag_exp=103116026~103200004~104527907~104528500~104684208~104684211~115938466~115938469~116988315~117384405~117455673~117455675&sid=1770943127&sct=1&seg=0&dl=http%3A%2F%2Flocalhost%2Fkontakt&dt=Qubits%20Digital&en=page_view&_fv=1&_nsi=1&_ss=1&_ee=1&ep.origin=firebase&tfd=502 - net::ERR_ABORTED
    ✅ Network idle reached!
    ✨ Title detected: "Qubits Digital"
  📄 Rendering /impressum...
    🌐 Navigating to http://localhost:4300/impressum...
    ⏳ Page loaded (DOMContent), waiting for .main-content selector...
    🖥️ [Browser Console] log: 📊 Firebase Analytics initialized.
    ✅ Selector .main-content found!
    ⏳ Waiting for network idle...
    ✅ Network idle reached!
    ✨ Title detected: "Qubits Digital"
  📄 Rendering /datenschutz...
    🌐 Navigating to http://localhost:4300/datenschutz...
    ⚠️ [Network Failed]: https://region1.google-analytics.com/g/collect?v=2&tid=G-E1ZKBEDKBN&gtm=45je62b1v9240567346za200zd9240567346&_p=1770943129081&gcd=13l3l3l2l1l1&npa=1&dma_cps=syphamo&dma=1&_fid=ejNIs-wCpoU8hDkDq4ZY2y&cid=1652050554.1770943128&ul=de&sr=1280x720&uaa=x86&uab=64&uafvl=Not%253AA-Brand%3B99.0.0.0%7CHeadlessChrome%3B145.0.7632.6%7CChromium%3B145.0.7632.6&uamb=0&uam=&uap=Windows&uapv=19.0.0&uaw=0&are=1&frm=0&pscdl=noapi&_eu=AAAAAAQ&tag_exp=103116026~103200004~104527906~104528500~104684208~104684211~115616985~115938465~115938469~116491845~116988315~117455673~117455675&sid=1770943127&sct=1&seg=1&dl=http%3A%2F%2Flocalhost%2Fimpressum&dt=Qubits%20Digital&_s=1&tfd=1607 - net::ERR_ABORTED
    ⏳ Page loaded (DOMContent), waiting for .main-content selector...
    🖥️ [Browser Console] log: 📊 Firebase Analytics initialized.
    ✅ Selector .main-content found!
    ⏳ Waiting for network idle...
    ✅ Network idle reached!
    ✨ Title detected: "Qubits Digital"
  📄 Rendering /agb...
    🌐 Navigating to http://localhost:4300/agb...
    ⚠️ [Network Failed]: https://region1.google-analytics.com/g/collect?v=2&tid=G-E1ZKBEDKBN&gtm=45je62b1v9240567346za200zd9240567346&_p=1770943130534&gcd=13l3l3l2l1l1&npa=1&dma_cps=syphamo&dma=1&_fid=ejNIs-wCpoU8hDkDq4ZY2y&cid=1652050554.1770943128&ul=de&sr=1280x720&uaa=x86&uab=64&uafvl=Not%253AA-Brand%3B99.0.0.0%7CHeadlessChrome%3B145.0.7632.6%7CChromium%3B145.0.7632.6&uamb=0&uam=&uap=Windows&uapv=19.0.0&uaw=0&are=1&frm=0&pscdl=noapi&_eu=AAAAAAQ&_s=1&tag_exp=103116026~103200004~104527906~104528500~104684208~104684211~115938466~115938468~116988315~117455673~117455675&sid=1770943127&sct=1&seg=1&dl=http%3A%2F%2Flocalhost%2Fdatenschutz&dt=Qubits%20Digital&en=page_view&_ee=1&ep.origin=firebase&tfd=848 - net::ERR_ABORTED
    ⏳ Page loaded (DOMContent), waiting for .main-content selector...
    🖥️ [Browser Console] log: 📊 Firebase Analytics initialized.
    ✅ Selector .main-content found!
    ⏳ Waiting for network idle...
    ✅ Network idle reached!
    ✨ Title detected: "Qubits Digital"
  📄 Rendering /home...
    🌐 Navigating to http://localhost:4300/home...
    ⚠️ [Network Failed]: https://region1.google-analytics.com/g/collect?v=2&tid=G-E1ZKBEDKBN&gtm=45je62b1v9240567346za200zd9240567346&_p=1770943131304&gcd=13l3l3l2l1l1&npa=1&dma_cps=syphamo&dma=1&_fid=ejNIs-wCpoU8hDkDq4ZY2y&cid=1652050554.1770943128&ul=de&sr=1280x720&uaa=x86&uab=64&uafvl=Not%253AA-Brand%3B99.0.0.0%7CHeadlessChrome%3B145.0.7632.6%7CChromium%3B145.0.7632.6&uamb=0&uam=&uap=Windows&uapv=19.0.0&uaw=0&are=1&frm=0&pscdl=noapi&_eu=AAAAAAQ&_s=1&tag_exp=103116026~103200004~104527907~104528500~104684208~104684211~115616985~115938466~115938469~116988315~117455673~117455675&sid=1770943127&sct=1&seg=1&dl=http%3A%2F%2Flocalhost%2Fagb&dt=Qubits%20Digital&en=page_view&_ee=1&ep.origin=firebase&tfd=878 - net::ERR_ABORTED
    ⏳ Page loaded (DOMContent), waiting for .main-content selector...
    ✅ Selector .main-content found!
    ⏳ Waiting for network idle...
    ⚠️ Timeout waiting for network idle.
    ✨ Title detected: "Audit Title 1770942177053 | Qubits Digital"
  📄 Rendering /imprint...
    🌐 Navigating to http://localhost:4300/imprint...
    ⚠️ [Network Failed]: https://firestore.googleapis.com/google.firestore.v1.Firestore/Listen/channel?gsessionid=zo-wzVxdZ21Pt_LCGkHiutCsIQNzF225bzmoGe76ou_YB6vcxPicdw&VER=8&database=projects%2Ftest-angular-automation%2Fdatabases%2F(default)&RID=rpc&SID=se3l6xe4j9xtiBiORvxWpw&AID=0&CI=0&TYPE=xmlhttp&zx=qf26pyjmkdyw&t=1 - net::ERR_ABORTED
    ⏳ Page loaded (DOMContent), waiting for .main-content selector...
    ✅ Selector .main-content found!
    ⏳ Waiting for network idle...
    ⚠️ Timeout waiting for network idle.
    ✨ Title detected: "Impressum | Qubits Digital | Qubits Digital"

✅ Prerendering finished!
